{"numFailedTestSuites":1,"numFailedTests":0,"numPassedTestSuites":0,"numPassedTests":0,"numPendingTestSuites":0,"numPendingTests":0,"numRuntimeErrorTestSuites":1,"numTodoTests":0,"numTotalTestSuites":1,"numTotalTests":0,"openHandles":[],"snapshot":{"added":0,"didUpdate":false,"failure":false,"filesAdded":0,"filesRemoved":0,"filesRemovedList":[],"filesUnmatched":0,"filesUpdated":0,"matched":0,"total":0,"unchecked":0,"uncheckedKeysByFile":[],"unmatched":0,"updated":0},"startTime":1648480574698,"success":false,"testResults":[{"assertionResults":[],"coverage":{},"endTime":1648480575267,"message":"  \u001b[1m● \u001b[22mTest suite failed to run\n\n    Cannot find module '@storybook/testing-react' from 'jest.setup.js'\n\n    \u001b[0m \u001b[90m 1 |\u001b[39m \u001b[36mimport\u001b[39m \u001b[32m\"@testing-library/jest-dom/extend-expect\"\u001b[39m\u001b[33m;\u001b[39m\u001b[0m\n    \u001b[0m \u001b[90m 2 |\u001b[39m\u001b[0m\n    \u001b[0m\u001b[31m\u001b[1m>\u001b[22m\u001b[39m\u001b[90m 3 |\u001b[39m \u001b[36mimport\u001b[39m { setGlobalConfig } \u001b[36mfrom\u001b[39m \u001b[32m\"@storybook/testing-react\"\u001b[39m\u001b[33m;\u001b[39m\u001b[0m\n    \u001b[0m \u001b[90m   |\u001b[39m                                                           \u001b[31m\u001b[1m^\u001b[22m\u001b[39m\u001b[0m\n    \u001b[0m \u001b[90m 4 |\u001b[39m \u001b[36mimport\u001b[39m \u001b[33m*\u001b[39m \u001b[36mas\u001b[39m globalStorybookConfig \u001b[36mfrom\u001b[39m \u001b[32m\"./.storybook/preview\"\u001b[39m\u001b[33m;\u001b[39m \u001b[90m// path of your preview.js file\u001b[39m\u001b[0m\n    \u001b[0m \u001b[90m 5 |\u001b[39m\u001b[0m\n    \u001b[0m \u001b[90m 6 |\u001b[39m setGlobalConfig(globalStorybookConfig)\u001b[33m;\u001b[39m\u001b[0m\n\n      \u001b[2mat Resolver.resolveModule (\u001b[22mnode_modules/jest-resolve/build/resolver.js\u001b[2m:324:11)\u001b[22m\n      \u001b[2mat Object.<anonymous> (\u001b[22mjest.setup.js\u001b[2m:3:59)\u001b[22m\n","name":"/Users/bitglaze/Development/glaze-ui/storybook.test.js","startTime":1648480575267,"status":"failed","summary":""}],"wasInterrupted":false}